#
# An unexpected error has been detected by Java Runtime Environment:
#
#  EXCEPTION_ACCESS_VIOLATION (0xc0000005) at pc=0x000000007a69d0e0, pid=10304, tid=1100
#
# Java VM: Java HotSpot(TM) 64-Bit Server VM (11.2-b01 mixed mode windows-amd64)
# Problematic frame:
# C  [awt.dll+0xdd0e0]
#
# If you would like to submit a bug report, please visit:
#   http://java.sun.com/webapps/bugreport/crash.jsp
# The crash happened outside the Java Virtual Machine in native code.
# See problematic frame for where to report the bug.
#

---------------  T H R E A D  ---------------

Current thread (0x000000002af9b800):  JavaThread "AWT-EventQueue-0" [_thread_in_native, id=1100, stack(0x0000000030890000,0x0000000030910000)]

siginfo: ExceptionCode=0xc0000005, reading address 0x0000000000000008

Registers:
EAX=0x000000000000000d, EBX=0x000000002af9b9c0, ECX=0x0000000000000000, EDX=0xffffffffbe012b80
ESP=0x000000003090e548, EBP=0x0000000030c6a090, ESI=0x000000002af9b9c0, EDI=0x000000002fc90700
EIP=0x000000007a69d0e0, EFLAGS=0x0000000000010202

Top of Stack: (sp=0x000000003090e548)
0x000000003090e548:   000000007a645acc 0000000000000000
0x000000003090e558:   000000002af9b9c0 0000000030c6a090
0x000000003090e568:   000000002af9b9c0 000000001b830040
0x000000003090e578:   000000002af9b9c0 0000000000000000
0x000000003090e588:   000000007a623810 000000002af9b9c0
0x000000003090e598:   000000003090ec40 000000003090ec18
0x000000003090e5a8:   0000000030c6a090 0000000000000000
0x000000003090e5b8:   000000007a642381 000000001b6dc690
0x000000003090e5c8:   000000003090ec20 0000000000000000
0x000000003090e5d8:   000000003090ec18 000000001b8a2f88
0x000000003090e5e8:   000000001adcfcc8 000000001b554988
0x000000003090e5f8:   000000001b554988 0000000000000001
0x000000003090e608:   0000000012ef1df8 0000000000000001
0x000000003090e618:   0000000024957700 000000001bc20148
0x000000003090e628:   0000000000000010 000000001b79e308
0x000000003090e638:   0000000000000000 0000000024957700 

Instructions: (pc=0x000000007a69d0e0)
0x000000007a69d0d0:   48 8b 41 08 48 8b 80 18 0c 00 00 c3 cc cc cc cc
0x000000007a69d0e0:   48 8b 49 08 48 85 c9 74 05 e9 b2 ee fd ff 33 c0 


Stack: [0x0000000030890000,0x0000000030910000],  sp=0x000000003090e548,  free space=505k
Native frames: (J=compiled Java code, j=interpreted, Vv=VM code, C=native code)
C  [awt.dll+0xdd0e0]

Java frames: (J=compiled Java code, j=interpreted, Vv=VM code)
J  sun.java2d.windows.GDIBlitLoops.nativeBlit(Lsun/java2d/SurfaceData;Lsun/java2d/SurfaceData;Lsun/java2d/pipe/Region;IIIIIIIIIZ)V
J  sun.java2d.windows.GDIBlitLoops.Blit(Lsun/java2d/SurfaceData;Lsun/java2d/SurfaceData;Ljava/awt/Composite;Lsun/java2d/pipe/Region;IIIIII)V
J  sun.java2d.pipe.DrawImage.copyImage(Lsun/java2d/SunGraphics2D;Ljava/awt/Image;IILjava/awt/Color;Ljava/awt/image/ImageObserver;)Z
J  javax.swing.RepaintManager$PaintManager.paintDoubleBuffered(Ljavax/swing/JComponent;Ljava/awt/Image;Ljava/awt/Graphics;IIII)V
J  javax.swing.RepaintManager$PaintManager.paint(Ljavax/swing/JComponent;Ljavax/swing/JComponent;Ljava/awt/Graphics;IIII)Z
j  javax.swing.RepaintManager.paint(Ljavax/swing/JComponent;Ljavax/swing/JComponent;Ljava/awt/Graphics;IIII)V+52
J  javax.swing.JComponent.paint(Ljava/awt/Graphics;)V
j  java.awt.GraphicsCallback$PaintCallback.run(Ljava/awt/Component;Ljava/awt/Graphics;)V+2
j  sun.awt.SunGraphicsCallback.runOneComponent(Ljava/awt/Component;Ljava/awt/Rectangle;Ljava/awt/Graphics;Ljava/awt/Shape;I)V+155
j  sun.awt.SunGraphicsCallback.runComponents([Ljava/awt/Component;Ljava/awt/Graphics;I)V+104
j  java.awt.Container.paint(Ljava/awt/Graphics;)V+73
J  javax.swing.RepaintManager.paintDirtyRegions(Ljava/util/Map;)V
j  javax.swing.RepaintManager.paintDirtyRegions()V+46
j  javax.swing.RepaintManager.seqPaintDirtyRegions()V+73
j  javax.swing.SystemEventQueueUtilities$ComponentWorkRequest.run()V+36
J  java.awt.event.InvocationEvent.dispatch()V
J  java.awt.EventDispatchThread.pumpOneEventForFilters(I)Z
J  java.awt.EventDispatchThread.pumpEventsForFilter(ILjava/awt/Conditional;Ljava/awt/EventFilter;)V
j  java.awt.EventDispatchThread.pumpEventsForHierarchy(ILjava/awt/Conditional;Ljava/awt/Component;)V+11
j  java.awt.EventDispatchThread.pumpEvents(ILjava/awt/Conditional;)V+4
j  java.awt.EventDispatchThread.pumpEvents(Ljava/awt/Conditional;)V+3
j  java.awt.EventDispatchThread.run()V+9
v  ~StubRoutines::call_stub

---------------  P R O C E S S  ---------------

Java Threads: ( => current thread )
  0x000000002fc32800 JavaThread "Foxtrot Single Worker Thread #1" daemon [_thread_blocked, id=10552, stack(0x0000000006100000,0x0000000006180000)]
  0x000000002fc33c00 JavaThread "Thread-71" [_thread_blocked, id=6280, stack(0x00000000063b0000,0x0000000006430000)]
  0x000000002fc33400 JavaThread "Active Reference Queue Daemon" daemon [_thread_blocked, id=10384, stack(0x0000000006200000,0x0000000006280000)]
  0x000000002fc31800 JavaThread "Timer-43" daemon [_thread_blocked, id=9588, stack(0x0000000006180000,0x0000000006200000)]
  0x000000002fc32c00 JavaThread "FelixPackageAdmin" daemon [_thread_blocked, id=1248, stack(0x000000000f0d0000,0x000000000f150000)]
  0x000000002fc2ec00 JavaThread "FelixStartLevel" daemon [_thread_blocked, id=10288, stack(0x000000000f050000,0x000000000f0d0000)]
  0x000000002fc30400 JavaThread "FelixDispatchQueue" daemon [_thread_blocked, id=8400, stack(0x000000000e8b0000,0x000000000e930000)]
  0x000000002fc32000 JavaThread "Timer-14" daemon [_thread_blocked, id=8332, stack(0x000000000efd0000,0x000000000f050000)]
  0x000000002fc30800 JavaThread "Prefs Updater" daemon [_thread_blocked, id=11996, stack(0x000000000ef50000,0x000000000efd0000)]
  0x000000002fc2f400 JavaThread "Timer-1" [_thread_blocked, id=8216, stack(0x000000000e830000,0x000000000e8b0000)]
  0x000000002fc2e800 JavaThread "TimerQueue" daemon [_thread_blocked, id=9440, stack(0x0000000030920000,0x00000000309a0000)]
=>0x000000002af9b800 JavaThread "AWT-EventQueue-0" [_thread_in_native, id=1100, stack(0x0000000030890000,0x0000000030910000)]
  0x000000002fb77400 JavaThread "AWT-Shutdown" [_thread_blocked, id=9460, stack(0x0000000030810000,0x0000000030890000)]
  0x000000002f2f2800 JavaThread "AWT-Windows" daemon [_thread_in_native, id=2432, stack(0x00000000300e0000,0x0000000030160000)]
  0x000000002f2efc00 JavaThread "Java2D Disposer" daemon [_thread_blocked, id=7792, stack(0x000000002ffe0000,0x0000000030060000)]
  0x000000002f3f6000 JavaThread "Timer-0" [_thread_blocked, id=12056, stack(0x000000002f680000,0x000000002f700000)]
  0x000000002f3b4800 JavaThread "JMI Unnamed Thread" [_thread_in_native, id=10080, stack(0x0000000008000000,0x0000000009000000)]
  0x000000002af5ec00 JavaThread "Low Memory Detector" daemon [_thread_blocked, id=11416, stack(0x000000002e200000,0x000000002e280000)]
  0x000000002af5b800 JavaThread "CompilerThread1" daemon [_thread_blocked, id=680, stack(0x000000002d200000,0x000000002e200000)]
  0x000000002af56c00 JavaThread "CompilerThread0" daemon [_thread_blocked, id=11016, stack(0x000000002c200000,0x000000002d200000)]
  0x000000002af4e800 JavaThread "Attach Listener" daemon [_thread_blocked, id=8964, stack(0x000000002c180000,0x000000002c200000)]
  0x000000002af30000 JavaThread "Finalizer" daemon [_thread_blocked, id=11616, stack(0x000000002c100000,0x000000002c180000)]
  0x000000002af29c00 JavaThread "Reference Handler" daemon [_thread_blocked, id=3176, stack(0x000000002c080000,0x000000002c100000)]
  0x0000000001694800 JavaThread "main" [_thread_in_native, id=12168, stack(0x0000000000030000,0x0000000001030000)]

Other Threads:
  0x000000000174f800 VMThread [stack: 0x000000002b080000,0x000000002c080000] [id=4956]
  0x000000002af9c800 WatcherThread [stack: 0x000000002e280000,0x000000002f280000] [id=8212]

VM state:not at safepoint (normal execution)

VM Mutex/Monitor currently owned by a thread: None

Heap
 PSYoungGen      total 16256K, used 12870K [0x0000000023d80000, 0x0000000024d80000, 0x0000000026e80000)
  eden space 16128K, 79% used [0x0000000023d80000,0x0000000024a01a48,0x0000000024d40000)
  from space 128K, 50% used [0x0000000024d40000,0x0000000024d50000,0x0000000024d60000)
  to   space 128K, 0% used [0x0000000024d60000,0x0000000024d60000,0x0000000024d80000)
 PSOldGen        total 75136K, used 57052K [0x000000001aa80000, 0x000000001f3e0000, 0x0000000023d80000)
  object space 75136K, 75% used [0x000000001aa80000,0x000000001e2371a0,0x000000001f3e0000)
 PSPermGen       total 114688K, used 55265K [0x0000000012a80000, 0x0000000019a80000, 0x000000001aa80000)
  object space 114688K, 48% used [0x0000000012a80000,0x0000000016078470,0x0000000019a80000)

Dynamic libraries:
0x0000000140000000 - 0x000000014002a000 	C:\Program Files\MATLAB\R2010a\bin\win64\MATLAB.exe
0x0000000077430000 - 0x00000000775da000 	C:\Windows\SYSTEM32\ntdll.dll
0x0000000077310000 - 0x000000007742f000 	C:\Windows\system32\kernel32.dll
0x000007fefd3a0000 - 0x000007fefd40a000 	C:\Windows\system32\KERNELBASE.dll
0x000000007ce80000 - 0x000000007cf96000 	C:\Program Files\MATLAB\R2010a\bin\win64\libut.dll
0x000007fefe970000 - 0x000007fefe989000 	C:\Windows\system32\imagehlp.dll
0x000007feff490000 - 0x000007feff52f000 	C:\Windows\system32\msvcrt.dll
0x000007fefe990000 - 0x000007fefea6b000 	C:\Windows\system32\ADVAPI32.dll
0x000007fefe950000 - 0x000007fefe96f000 	C:\Windows\SYSTEM32\sechost.dll
0x000007feff360000 - 0x000007feff48d000 	C:\Windows\system32\RPCRT4.dll
0x00000000775f0000 - 0x00000000775f7000 	C:\Windows\system32\PSAPI.DLL
0x000000007d660000 - 0x000000007d688000 	C:\Program Files\MATLAB\R2010a\bin\win64\LIBEXPAT.dll
0x0000000072880000 - 0x0000000072949000 	C:\Windows\WinSxS\amd64_microsoft.vc80.crt_1fc8b3b9a1e18e3b_8.0.50727.6195_none_88e41e092fab0294\MSVCR80.dll
0x000000007d380000 - 0x000000007d4ac000 	C:\Program Files\MATLAB\R2010a\bin\win64\icuuc40.dll
0x000000007c8b0000 - 0x000000007c8b3000 	C:\Program Files\MATLAB\R2010a\bin\win64\icudt40.dll
0x000000007c8c0000 - 0x000000007c8d0000 	C:\Program Files\MATLAB\R2010a\bin\win64\icuio40.dll
0x000000007cb00000 - 0x000000007cc53000 	C:\Program Files\MATLAB\R2010a\bin\win64\icuin40.dll
0x0000000058c80000 - 0x0000000058d89000 	C:\Windows\WinSxS\amd64_microsoft.vc80.crt_1fc8b3b9a1e18e3b_8.0.50727.6195_none_88e41e092fab0294\MSVCP80.dll
0x0000000077210000 - 0x000000007730a000 	C:\Windows\system32\USER32.dll
0x000007feff2f0000 - 0x000007feff357000 	C:\Windows\system32\GDI32.dll
0x000007feff2e0000 - 0x000007feff2ee000 	C:\Windows\system32\LPK.dll
0x000007fefda10000 - 0x000007fefdada000 	C:\Windows\system32\USP10.dll
0x0000000078930000 - 0x0000000078a4e000 	C:\Program Files\MATLAB\R2010a\bin\win64\libmwfl.dll
0x00000000788c0000 - 0x00000000788fe000 	C:\Program Files\MATLAB\R2010a\bin\win64\tbb.dll
0x000000007e960000 - 0x000000007e96f000 	C:\Program Files\MATLAB\R2010a\bin\win64\boost_date_time-vc80-mt-1_36.dll
0x000000007ebf0000 - 0x000000007ec0d000 	C:\Program Files\MATLAB\R2010a\bin\win64\boost_filesystem-vc80-mt-1_36.dll
0x000000007dbd0000 - 0x000000007dbd9000 	C:\Program Files\MATLAB\R2010a\bin\win64\boost_system-vc80-mt-1_36.dll
0x000000007e940000 - 0x000000007e956000 	C:\Program Files\MATLAB\R2010a\bin\win64\boost_signals-vc80-mt-1_36.dll
0x000000007c890000 - 0x000000007c8a1000 	C:\Program Files\MATLAB\R2010a\bin\win64\boost_thread-vc80-mt-1_36.dll
0x000000007d010000 - 0x000000007d298000 	C:\Program Files\MATLAB\R2010a\bin\win64\libmwservices.dll
0x000000007cfa0000 - 0x000000007d00d000 	C:\Program Files\MATLAB\R2010a\bin\win64\libmx.dll
0x00000000792b0000 - 0x00000000792c7000 	C:\Program Files\MATLAB\R2010a\bin\win64\zlib1.dll
0x000000007d2a0000 - 0x000000007d37c000 	C:\Program Files\MATLAB\R2010a\bin\win64\libmwmathutil.dll
0x000000007a9b0000 - 0x000000007aa0e000 	C:\Program Files\MATLAB\R2010a\bin\win64\mpath.dll
0x000000007d690000 - 0x000000007d812000 	C:\Program Files\MATLAB\R2010a\bin\win64\mlutil.dll
0x000000007e860000 - 0x000000007e8ec000 	C:\Program Files\MATLAB\R2010a\bin\win64\xmlcore.dll
0x000000007a320000 - 0x000000007a5b5000 	C:\Program Files\MATLAB\R2010a\bin\win64\xerces-c_2_7.dll
0x000007fefd8e0000 - 0x000007fefd92d000 	C:\Windows\system32\WS2_32.dll
0x000007fefe940000 - 0x000007fefe948000 	C:\Windows\system32\NSI.dll
0x000007fefdb10000 - 0x000007fefe89a000 	C:\Windows\system32\SHELL32.dll
0x000007fefec80000 - 0x000007fefecf1000 	C:\Windows\system32\SHLWAPI.dll
0x000007fef5c50000 - 0x000007fef5cf0000 	C:\Windows\WinSxS\amd64_microsoft.windows.common-controls_6595b64144ccf1df_5.82.7601.18837_none_a4d981ff711297b6\COMCTL32.dll
0x000007fefd840000 - 0x000007fefd8d7000 	C:\Windows\system32\comdlg32.dll
0x000007fefab00000 - 0x000007fefab16000 	C:\Windows\system32\NETAPI32.dll
0x000007fefc5e0000 - 0x000007fefc5ec000 	C:\Windows\system32\netutils.dll
0x000007fefceb0000 - 0x000007fefced3000 	C:\Windows\system32\srvcli.dll
0x000007fefaae0000 - 0x000007fefaaf5000 	C:\Windows\system32\wkscli.dll
0x000000007ad90000 - 0x000000007ae2e000 	C:\Program Files\MATLAB\R2010a\bin\win64\mcr.dll
0x0000000001300000 - 0x0000000001325000 	C:\Program Files\MATLAB\R2010a\bin\win64\libmwi18n.dll
0x000000007c8d0000 - 0x000000007c983000 	C:\Program Files\MATLAB\R2010a\bin\win64\iqm.dll
0x000000007b500000 - 0x000000007bdb0000 	C:\Program Files\MATLAB\R2010a\bin\win64\m_interpreter.dll
0x000000007c9b0000 - 0x000000007c9c6000 	C:\Program Files\MATLAB\R2010a\bin\win64\libmex.dll
0x000000007abf0000 - 0x000000007aca4000 	C:\Program Files\MATLAB\R2010a\bin\win64\m_dispatcher.dll
0x000000007ead0000 - 0x000000007ebc1000 	C:\Program Files\MATLAB\R2010a\bin\win64\boost_regex-vc80-mt-1_36.dll
0x000000007aa90000 - 0x000000007ab27000 	C:\Program Files\MATLAB\R2010a\bin\win64\profiler.dll
0x000000007ca40000 - 0x000000007ca71000 	C:\Program Files\MATLAB\R2010a\bin\win64\libmwmathrng.dll
0x0000000079200000 - 0x000000007921a000 	C:\Program Files\MATLAB\R2010a\bin\win64\m_pcodeio.dll
0x000000007a960000 - 0x000000007a9ad000 	C:\Program Files\MATLAB\R2010a\bin\win64\m_ir.dll
0x000000007aef0000 - 0x000000007b4f1000 	C:\Program Files\MATLAB\R2010a\bin\win64\m_parser.dll
0x000000007c990000 - 0x000000007c9a4000 	C:\Program Files\MATLAB\R2010a\bin\win64\ir_xfmr.dll
0x0000000078a50000 - 0x0000000078d2f000 	C:\Program Files\MATLAB\R2010a\bin\win64\mcos.dll
0x000000007ca90000 - 0x000000007ca9c000 	C:\Program Files\MATLAB\R2010a\bin\win64\mtok.dll
0x00000000791d0000 - 0x00000000791f6000 	C:\Program Files\MATLAB\R2010a\bin\win64\m_pcodegen.dll
0x0000000001420000 - 0x0000000001472000 	C:\Program Files\MATLAB\R2010a\bin\win64\libmwspmatrix.dll
0x000007fefa180000 - 0x000007fefa2a5000 	C:\Windows\system32\dbghelp.dll
0x0000000001490000 - 0x00000000014bc000 	C:\Program Files\MATLAB\R2010a\bin\win64\libmwbridge.dll
0x000000007c4f0000 - 0x000000007c5b7000 	C:\Program Files\MATLAB\R2010a\bin\win64\udd.dll
0x000000007d4b0000 - 0x000000007d604000 	C:\Program Files\MATLAB\R2010a\bin\win64\libmwgui.dll
0x0000000079320000 - 0x0000000079acf000 	C:\Program Files\MATLAB\R2010a\bin\win64\hg.dll
0x0000000079100000 - 0x0000000079150000 	C:\Program Files\MATLAB\R2010a\bin\win64\libmat.dll
0x000000007cc60000 - 0x000000007ce7b000 	C:\Program Files\MATLAB\R2010a\bin\win64\libhdf5.dll
0x000000007a860000 - 0x000000007a8e3000 	C:\Program Files\MATLAB\R2010a\bin\win64\jmi.dll
0x000000007a790000 - 0x000000007a7d6000 	C:\Program Files\MATLAB\R2010a\bin\win64\libmwhardcopy.dll
0x000000007a8f0000 - 0x000000007a959000 	C:\Program Files\MATLAB\R2010a\bin\win64\libuij.dll
0x0000000078730000 - 0x00000000788b3000 	C:\Program Files\MATLAB\R2010a\bin\win64\hgdatatypes.dll
0x0000000078670000 - 0x0000000078721000 	C:\Program Files\MATLAB\R2010a\bin\win64\hgutils.dll
0x0000000079150000 - 0x00000000791cc000 	C:\Program Files\MATLAB\R2010a\bin\win64\libmwlapack.dll
0x000000007c9e0000 - 0x000000007c9f3000 	C:\Program Files\MATLAB\R2010a\bin\win64\libmwbinder.dll
0x000000007c5c0000 - 0x000000007c881000 	C:\Program Files\MATLAB\R2010a\bin\win64\uiw.dll
0x000000007caf0000 - 0x000000007cafa000 	C:\Program Files\MATLAB\R2010a\bin\win64\uinone.dll
0x0000000077790000 - 0x000000007792c000 	C:\Windows\WinSxS\amd64_microsoft.vc80.mfc_1fc8b3b9a1e18e3b_8.0.50727.6195_none_8448b2bd328df189\MFC80.DLL
0x000007fefac30000 - 0x000007fefaca1000 	C:\Windows\system32\WINSPOOL.DRV
0x000007fefea70000 - 0x000007fefec73000 	C:\Windows\system32\ole32.dll
0x000007fefd930000 - 0x000007fefda08000 	C:\Windows\system32\OLEAUT32.dll
0x000000007ae30000 - 0x000000007aee6000 	C:\Program Files\MATLAB\R2010a\bin\win64\udd_mi.dll
0x0000000079220000 - 0x000000007923f000 	C:\Program Files\MATLAB\R2010a\bin\win64\mwoles05.DLL
0x000000007aa10000 - 0x000000007aa82000 	C:\Program Files\MATLAB\R2010a\bin\win64\comcli.dll
0x0000000067700000 - 0x0000000067720000 	C:\Windows\WinSxS\amd64_microsoft.vc80.atl_1fc8b3b9a1e18e3b_8.0.50727.6195_none_8a1dd9552ed7f8d8\ATL80.DLL
0x000000007ca80000 - 0x000000007ca8e000 	C:\Program Files\MATLAB\R2010a\bin\win64\mlautoregister.dll
0x000007fefdae0000 - 0x000007fefdb0e000 	C:\Windows\system32\IMM32.DLL
0x000007fefef90000 - 0x000007feff099000 	C:\Windows\system32\MSCTF.dll
0x000007fefd1c0000 - 0x000007fefd1cf000 	C:\Windows\system32\profapi.dll
0x000007fefd010000 - 0x000007fefd01f000 	C:\Windows\system32\CRYPTBASE.dll
0x000007fefba10000 - 0x000007fefba66000 	C:\Windows\system32\uxtheme.dll
0x000007fefc1d0000 - 0x000007fefc3c4000 	C:\Windows\WinSxS\amd64_microsoft.windows.common-controls_6595b64144ccf1df_6.0.7601.18837_none_fa3b1e3d17594757\comctl32.dll
0x000007feff0a0000 - 0x000007feff277000 	C:\Windows\system32\SETUPAPI.dll
0x000007fefd460000 - 0x000007fefd496000 	C:\Windows\system32\CFGMGR32.dll
0x000007fefd1f0000 - 0x000007fefd20a000 	C:\Windows\system32\DEVOBJ.dll
0x000007fefe8a0000 - 0x000007fefe939000 	C:\Windows\system32\CLBCatQ.DLL
0x000007fefb5c0000 - 0x000007fefb6ec000 	C:\Windows\system32\propsys.dll
0x000007fefa840000 - 0x000007fefa86d000 	C:\Windows\system32\ntmarta.dll
0x000007feff280000 - 0x000007feff2d2000 	C:\Windows\system32\WLDAP32.dll
0x000007fef97b0000 - 0x000007fef97d7000 	C:\Windows\system32\iphlpapi.dll
0x000007fef9850000 - 0x000007fef985b000 	C:\Windows\system32\WINNSI.DLL
0x000007fefc7d0000 - 0x000007fefc82b000 	C:\Windows\system32\DNSAPI.dll
0x000007fef9670000 - 0x000007fef9688000 	C:\Windows\system32\dhcpcsvc.DLL
0x000007fef9650000 - 0x000007fef9661000 	C:\Windows\system32\dhcpcsvc6.DLL
0x0000000067a50000 - 0x0000000067a53000 	C:\Windows\system32\icmp.Dll
0x000007fefb1b0000 - 0x000007fefb1c8000 	C:\Windows\system32\dwmapi.dll
0x000000006d7f0000 - 0x000000006dda8000 	C:\Program Files\MATLAB\R2010a\sys\java\jre\win64\jre\bin\server\jvm.dll
0x000007fefb370000 - 0x000007fefb3ab000 	C:\Windows\system32\WINMM.dll
0x000007fee8920000 - 0x000007fee895f000 	C:\Program Files\WIDCOMM\Bluetooth Software\btmmhook.dll
0x000000007aba0000 - 0x000000007abaa000 	C:\Program Files\MATLAB\R2010a\sys\java\jre\win64\jre\bin\hpi.dll
0x000000007abc0000 - 0x000000007abce000 	C:\Program Files\MATLAB\R2010a\sys\java\jre\win64\jre\bin\verify.dll
0x00000000792d0000 - 0x00000000792f7000 	C:\Program Files\MATLAB\R2010a\sys\java\jre\win64\jre\bin\java.dll
0x000000007abd0000 - 0x000000007abe2000 	C:\Program Files\MATLAB\R2010a\sys\java\jre\win64\jre\bin\zip.dll
0x0000000079240000 - 0x000000007926b000 	C:\Program Files\MATLAB\R2010a\bin\win64\nativejava.dll
0x000007fef9cf0000 - 0x000007fef9d08000 	C:\Windows\system32\MPR.dll
0x0000000079270000 - 0x00000000792a7000 	C:\Program Files\MATLAB\R2010a\bin\win64\nativejmi.dll
0x000000007cae0000 - 0x000000007caed000 	C:\Program Files\MATLAB\R2010a\bin\win64\nativeservices.dll
0x000000007a5c0000 - 0x000000007a782000 	C:\Program Files\MATLAB\R2010a\sys\java\jre\win64\jre\bin\awt.dll
0x000000007acb0000 - 0x000000007ad1b000 	C:\Program Files\MATLAB\R2010a\sys\java\jre\win64\jre\bin\fontmanager.dll
0x0000000079300000 - 0x0000000079317000 	C:\Program Files\MATLAB\R2010a\sys\java\jre\win64\jre\bin\net.dll
0x000007fefc950000 - 0x000007fefc9a5000 	C:\Windows\system32\mswsock.dll
0x000007fefc940000 - 0x000007fefc947000 	C:\Windows\System32\wship6.dll
0x000000007abb0000 - 0x000000007abbb000 	C:\Program Files\MATLAB\R2010a\sys\java\jre\win64\jre\bin\nio.dll
0x0000000078300000 - 0x0000000078310000 	C:\Program Files\MATLAB\R2010a\bin\win64\nativelmgr.dll
0x000000007dab0000 - 0x000000007dae5000 	C:\Program Files\MATLAB\R2010a\sys\java\jre\win64\jre\bin\jpeg.dll

VM Arguments:
jvm_args: -Xss512k -XX:PermSize=32m -Xms64m -XX:NewRatio=3 -XX:MaxPermSize=128m -Xmx196m -XX:MaxDirectMemorySize=2147400000 -Dsun.java2d.noddraw=true -Dsun.awt.nopixfmt=true -Xshare:off -Xrs -Djava.library.path=C:\Program Files\MATLAB\R2010a\bin\win64 vfprintf abort 
java_command: <unknown>
Launcher Type: generic

Environment Variables:
PATH=C:\Program Files\Dell\DW WLAN Card;;C:\ProgramData\Oracle\Java\javapath;C:\Program Files (x86)\Intel\iCLS Client\;C:\Program Files\Intel\iCLS Client\;C:\Windows\system32;C:\Windows;C:\Windows\System32\Wbem;C:\Windows\System32\WindowsPowerShell\v1.0\;C:\Program Files\WIDCOMM\Bluetooth Software\;C:\Program Files\WIDCOMM\Bluetooth Software\syswow64;C:\Program Files\MATLAB\R2010a\runtime\win64;C:\Program Files\MATLAB\R2010a\bin;C:\Program Files\Intel\Intel(R) Management Engine Components\DAL;C:\Program Files\Intel\Intel(R) Management Engine Components\IPT;C:\Program Files (x86)\Intel\Intel(R) Management Engine Components\DAL;C:\Program Files (x86)\Intel\Intel(R) Management Engine Components\IPT;C:\Program Files (x86)\Skype\Phone\;C:\Program Files (x86)\MiKTeX 2.9\miktex\bin\;
USERNAME=taniel.franklin
OS=Windows_NT
PROCESSOR_IDENTIFIER=Intel64 Family 6 Model 58 Stepping 9, GenuineIntel



---------------  S Y S T E M  ---------------

OS: Windows NT 6.1 Build 7601 Service Pack 1

CPU:total 4 (8 cores per cpu, 2 threads per core) family 6 model 10 stepping 9, cmov, cx8, fxsr, mmx, sse, sse2, sse3, ssse3, ht

Memory: 4k page, physical 8341900k(2654804k free), swap 16681940k(9897760k free)

vm_info: Java HotSpot(TM) 64-Bit Server VM (11.2-b01) for windows-amd64 JRE (1.6.0_12-b04), built on Jan 17 2009 01:49:05 by "java_re" with MS VC++ 8.0

time: Tue May 17 18:20:47 2016
elapsed time: 83993 seconds

